\BOOKMARK [0][-]{bm:cnAbstract.0}{摘要}{}% 1
\BOOKMARK [0][-]{bm:Abstract.0}{Abstract}{}% 2
\BOOKMARK [0][-]{chapter.1}{1\040Introduction}{}% 3
\BOOKMARK [1][-]{section.1.1}{1.1\040Background}{chapter.1}% 4
\BOOKMARK [1][-]{section.1.2}{1.2\040Preliminary\040Works}{chapter.1}% 5
\BOOKMARK [2][-]{subsection.1.2.1}{1.2.1\040Development\040Environment}{section.1.2}% 6
\BOOKMARK [2][-]{subsection.1.2.2}{1.2.2\040Tools}{section.1.2}% 7
\BOOKMARK [2][-]{subsection.1.2.3}{1.2.3\040Platform\040Setup}{section.1.2}% 8
\BOOKMARK [0][-]{chapter.2}{2\040Leading\040Knowledge}{}% 9
\BOOKMARK [1][-]{section.2.1}{2.1\040Instruction\040Set}{chapter.2}% 10
\BOOKMARK [1][-]{section.2.2}{2.2\040x86\040Registers}{chapter.2}% 11
\BOOKMARK [0][-]{chapter.3}{3\040Design}{}% 12
\BOOKMARK [1][-]{section.3.1}{3.1\040Top\040Level\040Design}{chapter.3}% 13
\BOOKMARK [1][-]{section.3.2}{3.2\040Detailed\040Design}{chapter.3}% 14
\BOOKMARK [2][-]{subsection.3.2.1}{3.2.1\040Boot\040Loader}{section.3.2}% 15
\BOOKMARK [2][-]{subsection.3.2.2}{3.2.2\04032-bit\040Mode\040and\040Import\040C\040Codes}{section.3.2}% 16
\BOOKMARK [0][-]{chapter.4}{4\040Implementation}{}% 17
\BOOKMARK [1][-]{section.4.1}{4.1\040Boot\040Loader}{chapter.4}% 18
\BOOKMARK [2][-]{subsection.4.1.1}{4.1.1\040Choose\040Disk}{section.4.1}% 19
\BOOKMARK [2][-]{subsection.4.1.2}{4.1.2\040The\040Structure\040of\040a\040Floppy\040Disk}{section.4.1}% 20
\BOOKMARK [2][-]{subsection.4.1.3}{4.1.3\040Flowchart\040of\040Boot\040Loader}{section.4.1}% 21
\BOOKMARK [2][-]{subsection.4.1.4}{4.1.4\040Running\040Result}{section.4.1}% 22
\BOOKMARK [1][-]{section.4.2}{4.2\04032-bit\040Mode\040and\040Import\040C\040Codes}{chapter.4}% 23
\BOOKMARK [1][-]{section.4.3}{4.3\040Screen\040Display\040and\040Text}{chapter.4}% 24
\BOOKMARK [1][-]{section.4.4}{4.4\040Control\040Mouse}{chapter.4}% 25
\BOOKMARK [1][-]{section.4.5}{4.5\040Memory\040Management}{chapter.4}% 26
\BOOKMARK [1][-]{section.4.6}{4.6\040Making\040Window\040}{chapter.4}% 27
\BOOKMARK [1][-]{section.4.7}{4.7\040Timer}{chapter.4}% 28
\BOOKMARK [1][-]{section.4.8}{4.8\040Multitasking}{chapter.4}% 29
\BOOKMARK [1][-]{section.4.9}{4.9\040Command\040Line\040Window}{chapter.4}% 30
\BOOKMARK [1][-]{section.4.10}{4.10\040API}{chapter.4}% 31
\BOOKMARK [1][-]{section.4.11}{4.11\040OS\040Protection}{chapter.4}% 32
\BOOKMARK [1][-]{section.4.12}{4.12\040Graphics\040Processing}{chapter.4}% 33
\BOOKMARK [1][-]{section.4.13}{4.13\040Window\040Operation}{chapter.4}% 34
\BOOKMARK [1][-]{section.4.14}{4.14\040Application\040Protection}{chapter.4}% 35
\BOOKMARK [1][-]{section.4.15}{4.15\040File\040Operation}{chapter.4}% 36
\BOOKMARK [1][-]{section.4.16}{4.16\040Some\040Applications}{chapter.4}% 37
\BOOKMARK [0][-]{chapter.5}{5\040Prospects\040And\040Shortages}{}% 38
\BOOKMARK [0][-]{appendix*.26}{参考文献}{}% 39
\BOOKMARK [0][-]{section*.27}{指导教师简介}{}% 40
\BOOKMARK [0][-]{section*.29}{致 谢}{}% 41
\BOOKMARK [0][-]{appendix.A}{A\040Main\040Program\040Code}{}% 42
\BOOKMARK [1][-]{section.A.1}{A.1\040Boot\040loader}{appendix.A}% 43
\BOOKMARK [2][-]{subsection.A.1.1}{A.1.1\040Display\040boot\040information}{section.A.1}% 44
\BOOKMARK [2][-]{subsection.A.1.2}{A.1.2\040Read\040the\040second\040sector}{section.A.1}% 45
\BOOKMARK [2][-]{subsection.A.1.3}{A.1.3\040Read\040two\040sides\040of\040a\040track}{section.A.1}% 46
\BOOKMARK [2][-]{subsection.A.1.4}{A.1.4\040The\040next\040cylinder}{section.A.1}% 47
